<?xml version="1.0" encoding="UTF-8"?>
<!-- Generated by org.testng.reporters.JUnitXMLReporter -->
<testsuite ignored="0" hostname="TXCHD-LAP-393" failures="1" tests="2" name="Test" time="12.75" errors="0" timestamp="30 Mar 2022 07:26:17 GMT">
  <testcase classname="com.Testcases.LoginTest" name="buy" time="12.711"/>
  <testcase classname="com.Testcases.LoginTest" name="checktitle" time="0.021">
    <failure type="java.lang.AssertionError" message="expected [https://www.amazon.in/] but found [https://www.amazon.in/ap/signin?_encoding=UTF8&amp;amp;openid.assoc_handle=amazon_checkout_in&amp;amp;openid.claimed_id=http%3A%2F%2Fspecs.openid.net%2Fauth%2F2.0%2Fidentifier_select&amp;amp;openid.identity=http%3A%2F%2Fspecs.openid.net%2Fauth%2F2.0%2Fidentifier_select&amp;amp;openid.mode=checkid_setup&amp;amp;openid.ns=http%3A%2F%2Fspecs.openid.net%2Fauth%2F2.0&amp;amp;openid.ns.pape=http%3A%2F%2Fspecs.openid.net%2Fextensions%2Fpape%2F1.0&amp;amp;openid.pape.max_auth_age=0&amp;amp;openid.return_to=https%3A%2F%2Fwww.amazon.in%2Fgp%2Fbuy%2Fsignin%2Fhandlers%2Fcontinue.html%3Fie%3DUTF8%26brandId%3D%26cartItemIds%3D%26eGCApp%3D%26hasWorkingJavascript%3D0%26isEGCOrder%3D0%26isFresh%3D%26oldCustomerId%3D0%26oldPurchaseId%3D%26preInitiateCustomerId%3D%26purchaseInProgress%3D%26ref_%3Dcart_signin_submit%26siteDesign%3D&amp;amp;pageId=amazon_checkout_in&amp;amp;showRmrMe=0&amp;amp;siteState=isRegularCheckout.1%7CIMBMsgs.%7CisRedirect.1&amp;amp;suppressSignInRadioButtons=0]">
      <![CDATA[java.lang.AssertionError: expected [https://www.amazon.in/] but found [https://www.amazon.in/ap/signin?_encoding=UTF8&openid.assoc_handle=amazon_checkout_in&openid.claimed_id=http%3A%2F%2Fspecs.openid.net%2Fauth%2F2.0%2Fidentifier_select&openid.identity=http%3A%2F%2Fspecs.openid.net%2Fauth%2F2.0%2Fidentifier_select&openid.mode=checkid_setup&openid.ns=http%3A%2F%2Fspecs.openid.net%2Fauth%2F2.0&openid.ns.pape=http%3A%2F%2Fspecs.openid.net%2Fextensions%2Fpape%2F1.0&openid.pape.max_auth_age=0&openid.return_to=https%3A%2F%2Fwww.amazon.in%2Fgp%2Fbuy%2Fsignin%2Fhandlers%2Fcontinue.html%3Fie%3DUTF8%26brandId%3D%26cartItemIds%3D%26eGCApp%3D%26hasWorkingJavascript%3D0%26isEGCOrder%3D0%26isFresh%3D%26oldCustomerId%3D0%26oldPurchaseId%3D%26preInitiateCustomerId%3D%26purchaseInProgress%3D%26ref_%3Dcart_signin_submit%26siteDesign%3D&pageId=amazon_checkout_in&showRmrMe=0&siteState=isRegularCheckout.1%7CIMBMsgs.%7CisRedirect.1&suppressSignInRadioButtons=0]
at com.Testcases.LoginTest.checktitle(LoginTest.java:34)
... Removed 31 stack frames]]>
    </failure>
  </testcase> <!-- checktitle -->
</testsuite> <!-- Test -->
